{"C:\\Users\\davi_\\Documents\\Programacao\\jest_wallabyjs_article\\index.js": {"path":"C:\\Users\\davi_\\Documents\\Programacao\\jest_wallabyjs_article\\index.js","statementMap":{"0":{"start":{"line":1,"column":14},"end":{"line":1,"column":30}},"1":{"start":{"line":2,"column":24},"end":{"line":2,"column":37}},"2":{"start":{"line":2,"column":34},"end":{"line":2,"column":37}},"3":{"start":{"line":3,"column":17},"end":{"line":3,"column":113}},"4":{"start":{"line":3,"column":38},"end":{"line":3,"column":113}},"5":{"start":{"line":5,"column":12},"end":{"line":8,"column":1}},"6":{"start":{"line":10,"column":0},"end":{"line":10,"column":21}}},"fnMap":{"0":{"name":"(anonymous_0)","decl":{"start":{"line":2,"column":24},"end":{"line":2,"column":25}},"loc":{"start":{"line":2,"column":34},"end":{"line":2,"column":37}},"line":2},"1":{"name":"(anonymous_1)","decl":{"start":{"line":3,"column":17},"end":{"line":3,"column":18}},"loc":{"start":{"line":3,"column":38},"end":{"line":3,"column":113}},"line":3}},"branchMap":{},"s":{"0":1,"1":1,"2":1,"3":1,"4":1,"5":1,"6":1},"f":{"0":1,"1":1},"b":{},"_coverageSchema":"332fd63041d2c1bcb487cc26dd0d5f7d97098a6c","hash":"864e22597867a638f6fc7fa111e55484b101b578"}
}
