<?xml version="1.0" encoding="UTF-8"?>
<coverage generated="1519266089343" clover="3.2.0">
  <project timestamp="1519266089343" name="All files">
    <metrics statements="7" coveredstatements="7" conditionals="0" coveredconditionals="0" methods="2" coveredmethods="2" elements="9" coveredelements="9" complexity="0" loc="7" ncloc="7" packages="1" files="1" classes="1">
      <file name="index.js" path="C:\Users\davi_\Documents\Programacao\jest_wallabyjs_article\src\index.js">
        <metrics statements="7" coveredstatements="7" conditionals="0" coveredconditionals="0" methods="2" coveredmethods="2"/>
        <line num="1" count="1" type="stmt"/>
        <line num="2" count="1" type="stmt"/>
        <line num="3" count="1" type="stmt"/>
        <line num="4" count="1" type="stmt"/>
        <line num="5" count="1" type="stmt"/>
        <line num="8" count="1" type="stmt"/>
        <line num="13" count="1" type="stmt"/>
      </file>
    </metrics>
  </project>
</coverage>
