{"C:\\Users\\davi.carvalho\\jest_wallabyjs\\src\\index.js": {"path":"C:\\Users\\davi.carvalho\\jest_wallabyjs\\src\\index.js","statementMap":{"0":{"start":{"line":2,"column":14},"end":{"line":2,"column":30}},"1":{"start":{"line":3,"column":24},"end":{"line":3,"column":60}},"2":{"start":{"line":3,"column":57},"end":{"line":3,"column":60}},"3":{"start":{"line":4,"column":17},"end":{"line":4,"column":146}},"4":{"start":{"line":4,"column":71},"end":{"line":4,"column":146}},"5":{"start":{"line":6,"column":21},"end":{"line":9,"column":1}},"6":{"start":{"line":11,"column":0},"end":{"line":11,"column":21}}},"fnMap":{"0":{"name":"(anonymous_0)","decl":{"start":{"line":3,"column":24},"end":{"line":3,"column":25}},"loc":{"start":{"line":3,"column":57},"end":{"line":3,"column":60}},"line":3},"1":{"name":"(anonymous_1)","decl":{"start":{"line":4,"column":17},"end":{"line":4,"column":18}},"loc":{"start":{"line":4,"column":71},"end":{"line":4,"column":146}},"line":4}},"branchMap":{},"s":{"0":1,"1":1,"2":1,"3":1,"4":2,"5":1,"6":1},"f":{"0":1,"1":2},"b":{},"_coverageSchema":"332fd63041d2c1bcb487cc26dd0d5f7d97098a6c","hash":"e11df16c382b96b0cbeccb0340091fbb1185ddb7"}
}
