{"C:\\Users\\davi_\\Documents\\Programacao\\jest_wallabyjs_article\\src\\index.js": {"path":"C:\\Users\\davi_\\Documents\\Programacao\\jest_wallabyjs_article\\src\\index.js","statementMap":{"0":{"start":{"line":1,"column":14},"end":{"line":1,"column":30}},"1":{"start":{"line":2,"column":24},"end":{"line":2,"column":37}},"2":{"start":{"line":2,"column":34},"end":{"line":2,"column":37}},"3":{"start":{"line":3,"column":17},"end":{"line":6,"column":1}},"4":{"start":{"line":4,"column":22},"end":{"line":4,"column":97}},"5":{"start":{"line":5,"column":2},"end":{"line":5,"column":60}},"6":{"start":{"line":8,"column":12},"end":{"line":11,"column":1}},"7":{"start":{"line":13,"column":0},"end":{"line":13,"column":21}}},"fnMap":{"0":{"name":"(anonymous_0)","decl":{"start":{"line":2,"column":24},"end":{"line":2,"column":25}},"loc":{"start":{"line":2,"column":34},"end":{"line":2,"column":37}},"line":2},"1":{"name":"(anonymous_1)","decl":{"start":{"line":3,"column":17},"end":{"line":3,"column":18}},"loc":{"start":{"line":3,"column":38},"end":{"line":6,"column":1}},"line":3}},"branchMap":{},"s":{"0":1,"1":1,"2":1,"3":1,"4":1,"5":1,"6":1,"7":1},"f":{"0":1,"1":1},"b":{},"_coverageSchema":"332fd63041d2c1bcb487cc26dd0d5f7d97098a6c","hash":"c64fd85d6ba859cec789d3db0f27ae7f36da03fe"}
}
